<?xml version="1.0" encoding="UTF-8"?>
<!-- Generated by org.testng.reporters.JUnitReportReporter -->
<testsuite hostname="Masum" failures="0" tests="1" name="com.MobileAppiumUT.TestCase.Animations" time="18.400" errors="0" timestamp="2024-02-28T23:28:51 IST" skipped="0">
  <testcase classname="com.MobileAppiumUT.TestCase.Animations" name="Hide" time="18.400"/>
</testsuite> <!-- com.MobileAppiumUT.TestCase.Animations -->
