<?xml version="1.0" encoding="UTF-8"?>
<!-- Generated by org.testng.reporters.JUnitReportReporter -->
<testsuite hostname="Masum" failures="0" tests="1" name="com.MobileAppiumUT.TestCase.Preference" time="14.471" errors="0" timestamp="2024-02-28T23:28:51 IST" skipped="0">
  <testcase classname="com.MobileAppiumUT.TestCase.Preference" name="Wifi" time="14.471"/>
</testsuite> <!-- com.MobileAppiumUT.TestCase.Preference -->
