<?xml version="1.0" encoding="UTF-8"?>
<!-- Generated by org.testng.reporters.JUnitReportReporter -->
<testsuite hostname="Masum" failures="0" tests="1" name="com.MobileAppiumUT.TestCase.AppiumBasics" time="8.146" errors="0" timestamp="2024-02-28T15:52:22 IST" skipped="0">
  <testcase classname="com.MobileAppiumUT.TestCase.AppiumBasics" name="WifiSettingsName" time="8.146"/>
</testsuite> <!-- com.MobileAppiumUT.TestCase.AppiumBasics -->
