<?xml version="1.0" encoding="UTF-8"?>
<!-- Generated by org.testng.reporters.JUnitReportReporter -->
<testsuite hostname="Masum" failures="0" tests="1" name="com.MobileAppiumUT.TestCase.LongPress" time="6.027" errors="0" timestamp="2024-02-29T00:10:48 IST" skipped="0">
  <testcase classname="com.MobileAppiumUT.TestCase.LongPress" name="longPressAction" time="6.027"/>
</testsuite> <!-- com.MobileAppiumUT.TestCase.LongPress -->
