<?xml version="1.0" encoding="UTF-8"?>
<!-- Generated by org.testng.reporters.JUnitReportReporter -->
<testsuite hostname="Masum" failures="0" tests="1" name="com.MobileAppiumUT.TestCase.OS" time="14.746" errors="0" timestamp="2024-02-29T00:10:48 IST" skipped="0">
  <testcase classname="com.MobileAppiumUT.TestCase.OS" name="SendMsg" time="14.746"/>
</testsuite> <!-- com.MobileAppiumUT.TestCase.OS -->
