<?xml version="1.0" encoding="UTF-8"?>
<!-- Generated by org.testng.reporters.JUnitReportReporter -->
<testsuite hostname="Masum" failures="0" tests="1" name="MobileAppiumUT.MobileAppiumUT.Appium" time="17.204" errors="0" timestamp="2024-02-21T21:27:25 IST" skipped="0">
  <testcase classname="MobileAppiumUT.MobileAppiumUT.Appium" name="TestApplication" time="17.204"/>
</testsuite> <!-- MobileAppiumUT.MobileAppiumUT.Appium -->
